<?xml version="1.0" encoding="UTF-8"?>
<!-- Generated by org.testng.reporters.JUnitXMLReporter -->
<testsuite hostname="PaperBoy" ignored="1" name="Default test" tests="12" failures="0" timestamp="05 Jun 2019 09:09:43 GMT" time="92.152" errors="0">
  <testcase name="Negativecase_10" time="5.976" classname="com.paperboy.testscripts.Login"/>
  <testcase name="Negativecase_11" time="5.422" classname="com.paperboy.testscripts.Login"/>
  <testcase name="Negativecase_12" time="5.277" classname="com.paperboy.testscripts.Login"/>
  <testcase name="Negativecase_3" time="5.492" classname="com.paperboy.testscripts.Login"/>
  <testcase name="Negativecase_4" time="5.207" classname="com.paperboy.testscripts.Login"/>
  <testcase name="Negativecase_5" time="5.217" classname="com.paperboy.testscripts.Login"/>
  <testcase name="Negativecase_6" time="5.268" classname="com.paperboy.testscripts.Login"/>
  <testcase name="Negativecase_7" time="5.011" classname="com.paperboy.testscripts.Login"/>
  <testcase name="Negativecase_8" time="5.199" classname="com.paperboy.testscripts.Login"/>
  <testcase name="Negativecase_9" time="5.292" classname="com.paperboy.testscripts.Login"/>
  <testcase name="a_Negativecase_1" time="5.177" classname="com.paperboy.testscripts.Login"/>
  <testcase name="b_Negativecase_2" time="5.089" classname="com.paperboy.testscripts.Login"/>
  <testcase name="login_1" time="0.0" classname="com.paperboy.testscripts.Login">
    <ignored/>
  </testcase> <!-- login_1 -->
</testsuite> <!-- Default test -->
