<?xml version="1.0" encoding="UTF-8"?>
<!-- Generated by org.testng.reporters.JUnitXMLReporter -->
<testsuite hostname="PaperBoy" ignored="1" name="test" tests="14" failures="0" timestamp="05 Jun 2019 04:50:53 GMT" time="127.575" errors="0">
  <testcase name="Negativecase_10" time="6.022" classname="com.paperboy.testscripts.Login"/>
  <testcase name="Negativecase_11" time="5.235" classname="com.paperboy.testscripts.Login"/>
  <testcase name="Negativecase_12" time="5.246" classname="com.paperboy.testscripts.Login"/>
  <testcase name="Negativecase_3" time="5.171" classname="com.paperboy.testscripts.Login"/>
  <testcase name="Negativecase_4" time="5.061" classname="com.paperboy.testscripts.Login"/>
  <testcase name="Negativecase_5" time="5.052" classname="com.paperboy.testscripts.Login"/>
  <testcase name="Negativecase_6" time="5.033" classname="com.paperboy.testscripts.Login"/>
  <testcase name="Negativecase_7" time="4.986" classname="com.paperboy.testscripts.Login"/>
  <testcase name="Negativecase_8" time="5.036" classname="com.paperboy.testscripts.Login"/>
  <testcase name="Negativecase_9" time="5.008" classname="com.paperboy.testscripts.Login"/>
  <testcase name="a_Negativecase_1" time="4.94" classname="com.paperboy.testscripts.Login"/>
  <testcase name="b_Negativecase_2" time="5.107" classname="com.paperboy.testscripts.Login"/>
  <testcase name="login_2" time="6.155" classname="com.paperboy.testscripts.Subscribe"/>
  <testcase name="subscribe" time="18.639" classname="com.paperboy.testscripts.Subscribe"/>
  <testcase name="login_1" time="0.0" classname="com.paperboy.testscripts.Login">
    <ignored/>
  </testcase> <!-- login_1 -->
</testsuite> <!-- test -->
