<?xml version="1.0" encoding="UTF-8"?>
<testng-results skipped="0" failed="0" ignored="0" total="2" passed="2">
  <reporter-output>
    <line>
      <![CDATA[login_1 test verified successfully]]>
    </line>
  </reporter-output>
  <suite name="Default suite" duration-ms="38227" started-at="2019-06-05T08:16:31Z" finished-at="2019-06-05T08:17:09Z">
    <groups>
    </groups>
    <test name="Default test" duration-ms="38227" started-at="2019-06-05T08:16:31Z" finished-at="2019-06-05T08:17:09Z">
      <class name="com.paperboy.testscripts.Subscribe">
        <test-method status="PASS" signature="openBrowser()[pri:0, instance:com.paperboy.testscripts.Subscribe@5702b3b1]" name="openBrowser" is-config="true" duration-ms="12215" started-at="2019-06-05T08:16:31Z" finished-at="2019-06-05T08:16:43Z">
          <reporter-output>
          </reporter-output>
        </test-method> <!-- openBrowser -->
        <test-method status="PASS" signature="login_2()[pri:0, instance:com.paperboy.testscripts.Subscribe@5702b3b1]" name="login_2" duration-ms="7086" started-at="2019-06-05T08:16:43Z" finished-at="2019-06-05T08:16:50Z">
          <reporter-output>
          </reporter-output>
        </test-method> <!-- login_2 -->
        <test-method status="PASS" signature="subscribe()[pri:0, instance:com.paperboy.testscripts.Subscribe@5702b3b1]" name="subscribe" duration-ms="18669" started-at="2019-06-05T08:16:50Z" finished-at="2019-06-05T08:17:09Z">
          <reporter-output>
            <line>
              <![CDATA[login_1 test verified successfully]]>
            </line>
          </reporter-output>
        </test-method> <!-- subscribe -->
        <test-method status="PASS" signature="close_Browser()[pri:0, instance:com.paperboy.testscripts.Subscribe@5702b3b1]" name="close_Browser" is-config="true" duration-ms="212" started-at="2019-06-05T08:17:09Z" finished-at="2019-06-05T08:17:09Z">
          <reporter-output>
          </reporter-output>
        </test-method> <!-- close_Browser -->
      </class> <!-- com.paperboy.testscripts.Subscribe -->
    </test> <!-- Default test -->
  </suite> <!-- Default suite -->
</testng-results>
